Arguments: 
  C:\Program Files\nodejs\node.exe C:\Program Files (x86)\Yarn\bin\yarn.js add apollo-server graphlql

PATH: 
  C:\Python27\;C:\Python27\Scripts;C:\Program Files (x86)\Intel\iCLS Client\;C:\Program Files\Intel\iCLS Client\;C:\WINDOWS\system32;C:\WINDOWS;C:\WINDOWS\System32\Wbem;C:\WINDOWS\System32\WindowsPowerShell\v1.0\;C:\Program Files (x86)\Intel\Intel(R) Management Engine Components\DAL;C:\Program Files\Intel\Intel(R) Management Engine Components\DAL;C:\Program Files (x86)\Intel\Intel(R) Management Engine Components\IPT;C:\Program Files\Intel\Intel(R) Management Engine Components\IPT;C:\WINDOWS\System32\OpenSSH\;C:\Program Files\Git\cmd;C:\Program Files (x86)\Yarn\bin\;C:\Program Files\nodejs\;C:\ProgramData\chocolatey\bin;C:\Program Files\PostgreSQL\12\bin;C:\Users\qu0es\AppData\Local\Programs\Python\Python37\Scripts\;C:\Users\qu0es\AppData\Local\Programs\Python\Python37\;C:\Users\qu0es\AppData\Local\Microsoft\WindowsApps;C:\Users\qu0es\AppData\Local\Programs\Microsoft VS Code\bin;C:\Users\qu0es\AppData\Local\Yarn\bin;C:\Users\qu0es\AppData\Roaming\npm;C:\Program Files\PostgreSQL\12\bin;

Yarn version: 
  1.22.4

Node version: 
  12.16.1

Platform: 
  win32 x64

Trace: 
  Error: https://registry.yarnpkg.com/graphlql: Not found
      at Request.params.callback [as _callback] (C:\Program Files (x86)\Yarn\lib\cli.js:66096:18)
      at Request.self.callback (C:\Program Files (x86)\Yarn\lib\cli.js:140748:22)
      at Request.emit (events.js:311:20)
      at Request.<anonymous> (C:\Program Files (x86)\Yarn\lib\cli.js:141720:10)
      at Request.emit (events.js:311:20)
      at IncomingMessage.<anonymous> (C:\Program Files (x86)\Yarn\lib\cli.js:141642:12)
      at Object.onceWrapper (events.js:417:28)
      at IncomingMessage.emit (events.js:323:22)
      at endReadableNT (_stream_readable.js:1204:12)
      at processTicksAndRejections (internal/process/task_queues.js:84:21)

npm manifest: 
  {
    "name": "notedly-api",
    "version": "1.0.0",
    "description": "API code examples for JavaScript Everywhere by Adam Scott, published by O'Reilly Media",
    "main": "src/index.js",
    "scripts": {
      "start": "nodemon src/index.js",
      "dev": "nodemon src/index.js",
      "final": "nodemon final/index.js",
      "seed": "node final/util/seed/index.js",
      "lint": "eslint \"src/**/*.js\""
    },
    "repository": {
      "type": "git",
      "url": "git@github.com:javascripteverywhere/api.git"
    },
    "nodemonConfig": {
      "ignore": [
        "**.test.js"
      ]
    },
    "keywords": [],
    "author": "Adam Scott",
    "license": "MIT",
    "dependencies": {
      "apollo-server-express": "2.4.0",
      "bcrypt": "3.0.6",
      "cors": "2.8.5",
      "dotenv": "6.1.0",
      "express": "4.16.4",
      "express-session": "1.15.6",
      "graphql": "^14.1.1",
      "graphql-depth-limit": "1.1.0",
      "graphql-iso-date": "3.6.1",
      "graphql-validation-complexity": "0.2.4",
      "helmet": "3.21.2",
      "jsonwebtoken": "8.5.1",
      "marked": "0.7.0",
      "md5": "2.2.1",
      "mongoose": "5.7.13",
      "nodemon": "1.18.7",
      "passport": "0.4.0",
      "passport-github2": "0.1.11"
    },
    "devDependencies": {
      "eslint": "5.13.0",
      "eslint-config-prettier": "4.0.0",
      "eslint-plugin-prettier": "3.0.1",
      "faker": "4.1.0",
      "node-fetch": "2.5.0",
      "prettier": "1.18.2"
    }
  }

yarn manifest: 
  No manifest

Lockfile: 
  No lockfile
